15082023	12:54:21	19b3534b-28bd-4519-b554-624440535a34	GET	/	undefined
15082023	12:54:21	ce42b00a-2d3b-4b50-aa19-b6adc58e485c	GET	/css/style.css	undefined
15082023	13:00:21	cca18ca6-979a-41e2-8eb8-f00cc42ab7ac	GET	/	undefined
15082023	13:00:21	765f38fd-bc0b-414c-9290-c4dec2bbf602	GET	/css/style.css	undefined
15082023	13:00:52	2f5dbde5-7c32-46cf-b4c8-5f42364d452b	GET	/fsdf	undefined
15082023	13:00:52	1a07b498-0d3c-427b-a606-0a7957303d84	GET	/css/style.css	undefined
15082023	17:06:56	31f7c4af-49de-4a7b-8ea6-6852a7a69e08	GET	/	undefined
15082023	17:19:24	313437bc-03a9-43c8-8ccf-3aa663ac2cd4	GET	/	undefined
15082023	17:20:19	2e6cb921-dc71-434e-aba0-de2c7c793326	GET	/	undefined
15082023	17:21:03	ec09eea3-46b3-4cb5-aceb-a8e4bd3dd4d8	GET	/	undefined
15082023	17:21:40	10055b11-8764-4aa3-bf8e-7846a7b2b9f1	GET	/	undefined
15082023	17:21:45	a132d06b-358a-436a-828f-228c1291a0ed	GET	/	undefined
15082023	17:21:49	3063d1f2-a36e-40f1-9d59-e38baf92f770	GET	/	undefined
15082023	17:21:54	8cbd6288-73a3-4434-a2aa-24d0f004649b	GET	/	undefined
15082023	17:22:00	ab78bafd-b804-430c-b44c-99a627389e68	GET	/	undefined
15082023	17:22:05	c03b5d1f-0ae2-41fb-93e5-1f01586ebd62	GET	/	undefined
15082023	17:26:39	8fd6286a-dc19-4f18-9347-7db406e6fd84	GET	/	undefined
15082023	20:54:43	407fc878-bbfa-487f-afb6-ded5d40c33df	GET	/	null
15082023	20:54:56	a76c79aa-2e66-48fe-8f35-29dbf9c6ea68	GET	/	null
15082023	20:54:57	5b5c456d-f14a-4145-905c-351430843d02	GET	/	null
15082023	20:55:00	64e0b8aa-965c-45ec-b165-28a94dc6c0e1	GET	/	null
15082023	20:55:20	f164d76a-e708-4eb0-92f7-562fc5678493	GET	/	null
15082023	20:57:05	bd0ec283-b36d-45bb-ba26-7b5540e5a379	GET	/	null
15082023	21:01:42	d2ba2723-2d0c-4072-a5a4-88fa1b4864a2	GET	/	undefined
15082023	21:01:42	82729996-6dc8-4da8-9843-2eeae6e7da03	GET	/css/style.css	undefined
15082023	21:01:46	6cdb64cc-cffc-48b8-bb21-72e10b672167	GET	/gdfg	undefined
15082023	21:01:46	b21ff43e-3bda-4c0f-8169-8890c0d0a162	GET	/css/style.css	undefined
15082023	21:02:52	71ebe286-b2a4-4e1f-a180-920fc9c40a0a	GET	/	undefined
15082023	21:02:52	796bce25-f639-4369-9f36-b1d7f50d106e	GET	/css/style.css	undefined
15082023	21:05:53	795a0a0d-3284-4634-9f54-e30437ce08e0	OPTIONS	/	https://stackoverflow.com
15082023	21:05:54	b97e55dd-a920-41cd-b4e4-874fcae6436d	GET	/	https://stackoverflow.com
15082023	21:06:03	342352be-4146-4f57-a294-fa319f80f163	OPTIONS	/	https://stackoverflow.com
15082023	21:06:03	e96efbf9-c27f-4b0f-b19d-0e82727ccfe6	GET	/	https://stackoverflow.com
15082023	21:08:20	2b054a2c-2a88-4692-8c32-693e8f762f64	GET	/	null
15082023	21:08:36	c1c79fd5-2d7c-43e9-a94b-846946ae54f5	GET	/	null
15082023	21:08:36	063f5f21-9912-426c-ad56-be82abef9624	GET	/	null
15082023	21:08:37	8c42bed2-07bc-47b1-bd1e-c69bc155996a	GET	/	null
15082023	21:08:37	7f3fd61d-3fee-4119-adf7-166014922595	GET	/	null
15082023	21:08:41	8f57d525-d21d-4716-8d4c-b5091c548c2e	GET	/	null
15082023	21:09:20	283604d5-2013-4560-99de-df797320e17c	OPTIONS	/	https://www.google.com
15082023	21:09:20	1921d102-00d4-4926-886c-404da44e499e	GET	/	https://www.google.com
15082023	21:09:27	698f360f-56d7-43c1-b739-9ba120e99ef8	OPTIONS	/	https://www.google.com
15082023	21:09:27	472b0fa7-2bb8-4c94-82a3-bd6f427926aa	GET	/	https://www.google.com
15082023	21:09:28	d229e76b-5d33-4ae6-a221-377b2ca1adf8	OPTIONS	/	https://www.google.com
15082023	21:09:28	6c870877-4d43-4439-b449-1646528716af	GET	/	https://www.google.com
15082023	21:09:28	2ffb6947-445a-4741-9850-83fc6abed582	OPTIONS	/	https://www.google.com
15082023	21:09:28	0a1931ba-7f7e-4e94-8d71-447d91cac04c	GET	/	https://www.google.com
15082023	21:09:29	40eca789-5494-4660-b898-856cdcca3ed6	OPTIONS	/	https://www.google.com
15082023	21:09:29	fe197b1a-4ae5-4e9c-a53d-df4be8d10b94	GET	/	https://www.google.com
15082023	21:09:44	72ace2a4-cf41-4114-a9af-ef6a5e40899f	OPTIONS	/	https://www.google.com
15082023	21:09:44	2511da91-d89c-49a2-9960-0d72c6fc6949	GET	/	https://www.google.com
15082023	21:09:45	65c84fc5-71b0-4b8e-92f2-ccd5f95a526f	OPTIONS	/	https://www.google.com
15082023	21:09:45	5bf568b5-268e-4e65-bd1f-906fc5befb4a	GET	/	https://www.google.com
15082023	21:09:50	d1b73d96-d7d1-421a-98f5-71726228227e	OPTIONS	/	https://www.google.com
15082023	21:09:50	e3c8020c-ca89-48ce-922b-fda2ba74a7f1	GET	/	https://www.google.com
15082023	21:10:00	79e4f7c5-9337-476d-8ce7-d90972359d03	OPTIONS	/	https://www.google.com
15082023	21:10:00	8f310efd-d604-497a-a9c4-f8ade2c12fc3	GET	/	https://www.google.com
15082023	21:10:21	6e491c12-af18-4ab8-82fd-097f6341069f	OPTIONS	/	https://www.google.com
15082023	21:10:21	9e2c8d41-514d-4fac-b633-5ca24b2798a9	GET	/	https://www.google.com
24082023	09:34:39	328ee3f1-278e-4462-a306-2364465c06b5	GET	/users	undefined
24082023	09:35:22	fa23eb21-4080-49a6-9e09-da5f64d255a4	GET	/users	undefined
24082023	09:37:18	72170641-a24c-476e-b7cc-6b74aabb007f	POST	/users	undefined
24082023	09:37:27	2df06a6e-c2af-4a57-bdd8-243bfd2019b1	GET	/users	undefined
24082023	09:39:16	84a81141-8166-426b-a5e9-e8352ad85d01	POST	/users	undefined
24082023	09:39:32	bea09e74-921d-4936-b0b5-0868eff6a0d1	POST	/users	undefined
24082023	09:39:40	42815948-8f66-44ae-9017-70b798833bcc	POST	/users	undefined
24082023	09:39:53	0867f7ff-80ae-4892-972d-5886c33f96fa	POST	/users	undefined
24082023	09:39:58	99987ea0-1e46-4468-b22f-2583e3c89a2b	POST	/users	undefined
24082023	09:40:19	1d42ce27-f3a4-46e3-abff-337bce88badb	POST	/users	undefined
24082023	09:40:33	b184f450-1acb-46fa-95b3-e2accc731293	POST	/users	undefined
24082023	10:13:48	20e3f4fc-bc62-460c-b499-4886f5cbf8db	GET	/users	undefined
24082023	10:14:36	14eb9a6a-253a-460c-b2f0-e7585fcb9df5	PATCH	/users	undefined
24082023	10:14:51	c058a95a-78f7-4fa5-bc58-237a5046eea7	PATCH	/users	undefined
24082023	10:15:12	4ce201c4-d609-4225-8d9c-37f690676783	PATCH	/users	undefined
24082023	10:15:13	3d24c9c3-1139-41f3-a7c6-49a7dad08a3a	PATCH	/users	undefined
25082023	15:31:25	7eba7da7-7023-4b46-b591-32fa99f56f06	PATCH	/users	undefined
25082023	15:31:54	7bfc793b-934d-4324-a384-b4fc95d35fa9	GET	/users	undefined
25082023	15:32:23	c923634f-a771-4530-87bb-a88f55a86a3b	PATCH	/users	undefined
25082023	15:32:30	91daf481-1149-4004-be8e-c9c1f9a2de66	PATCH	/users	undefined
25082023	15:32:33	89cc06bd-92fc-4904-bd58-b2511162e03f	PATCH	/users	undefined
25082023	15:32:37	48ab2be5-5621-441a-a31c-97bf8537ec7e	PATCH	/users	undefined
25082023	15:37:18	944bd64d-7d72-4e49-a4f3-5ef015eef3e5	POST	/users	undefined
25082023	15:37:38	469253cd-1a01-4410-a665-e725bb0b7a10	POST	/users	undefined
25082023	15:37:40	b6802928-51c9-4bad-8d66-c31fa565ffa9	POST	/users	undefined
25082023	15:37:46	ce4fdf91-d193-4d32-87e1-96bef0f10b79	GET	/users	undefined
25082023	15:38:47	572b0983-19e1-4243-bc77-eeb5b7329505	DELETE	/users	undefined
25082023	15:38:57	3381adc1-a434-4e20-9ab0-7b45f662e60e	GET	/users	undefined
25082023	15:39:12	2dd990bb-9c68-4c6a-8852-0543b5d35697	DELETE	/users	undefined
25082023	15:39:28	33c3a961-338b-4f6a-9262-c79788d178f6	DELETE	/users	undefined
25082023	15:40:28	257c87a9-596d-4a97-9317-1e7448129412	DELETE	/users	undefined
25082023	15:41:11	0e5f5db9-0261-4257-8830-ea60467fdbba	DELETE	/users	undefined
